<?xml version="1.0" encoding="UTF-8"?>
<!-- Generated by org.testng.reporters.JUnitReportReporter -->
<testsuite skipped="1" hostname="fourtek-desktop" name="com.testcase.CreateProjectTest" tests="9" failures="1" timestamp="04 May 2018 10:09:27 GMT" time="46.799" errors="0">
  <testcase name="startProject" time="2.095" classname="com.testcase.CreateProjectTest"/>
  <testcase name="withOutSelectAllOptions" time="2.407" classname="com.testcase.CreateProjectTest"/>
  <testcase name="onlyEnterProjectName" time="4.388" classname="com.testcase.CreateProjectTest"/>
  <testcase name="onlySelectTargetLanguage" time="9.385" classname="com.testcase.CreateProjectTest"/>
  <testcase name="typeProjectName" time="0.307" classname="com.testcase.CreateProjectTest"/>
  <testcase name="projectType" time="1.109" classname="com.testcase.CreateProjectTest"/>
  <testcase name="targetLanguage" time="7.300" classname="com.testcase.CreateProjectTest"/>
  <testcase name="doClickOnLetsStartButton" time="19.808" classname="com.testcase.CreateProjectTest">
    <failure type="java.lang.AssertionError" message="expected [http://staging.devnagri.com/projects] but found [http://staging.devnagri.co.in/projects]">
      <![CDATA[java.lang.AssertionError: expected [http://staging.devnagri.com/projects] but found [http://staging.devnagri.co.in/projects]at org.testng.Assert.fail(Assert.java:96)at org.testng.Assert.failNotEquals(Assert.java:776)at org.testng.Assert.assertEqualsImpl(Assert.java:137)at org.testng.Assert.assertEquals(Assert.java:118)at org.testng.Assert.assertEquals(Assert.java:453)at org.testng.Assert.assertEquals(Assert.java:463)at com.testcase.CreateProjectTest.doClickOnLetsStartButton(CreateProjectTest.java:115)at sun.reflect.NativeMethodAccessorImpl.invoke0(Native Method)at sun.reflect.NativeMethodAccessorImpl.invoke(NativeMethodAccessorImpl.java:62)at sun.reflect.DelegatingMethodAccessorImpl.invoke(DelegatingMethodAccessorImpl.java:43)at java.lang.reflect.Method.invoke(Method.java:498)at org.testng.internal.MethodInvocationHelper.invokeMethod(MethodInvocationHelper.java:124)at org.testng.internal.Invoker.invokeMethod(Invoker.java:571)at org.testng.internal.Invoker.invokeTestMethod(Invoker.java:707)at org.testng.internal.Invoker.invokeTestMethods(Invoker.java:979)at org.testng.internal.TestMethodWorker.invokeTestMethods(TestMethodWorker.java:125)at org.testng.internal.TestMethodWorker.run(TestMethodWorker.java:109)at org.testng.TestRunner.privateRun(TestRunner.java:648)at org.testng.TestRunner.run(TestRunner.java:505)at org.testng.SuiteRunner.runTest(SuiteRunner.java:455)at org.testng.SuiteRunner.runSequentially(SuiteRunner.java:450)at org.testng.SuiteRunner.privateRun(SuiteRunner.java:415)at org.testng.SuiteRunner.run(SuiteRunner.java:364)at org.testng.SuiteRunnerWorker.runSuite(SuiteRunnerWorker.java:52)at org.testng.SuiteRunnerWorker.run(SuiteRunnerWorker.java:84)at org.testng.TestNG.runSuitesSequentially(TestNG.java:1187)at org.testng.TestNG.runSuitesLocally(TestNG.java:1116)at org.testng.TestNG.runSuites(TestNG.java:1028)at org.testng.TestNG.run(TestNG.java:996)at org.testng.remote.AbstractRemoteTestNG.run(AbstractRemoteTestNG.java:114)at org.testng.remote.RemoteTestNG.initAndRun(RemoteTestNG.java:251)at org.testng.remote.RemoteTestNG.main(RemoteTestNG.java:77)]]>
    </failure>
  </testcase> <!-- doClickOnLetsStartButton -->
  <testcase name="industryType" classname="com.testcase.CreateProjectTest">
    <skipped/>
  </testcase> <!-- industryType -->
</testsuite> <!-- com.testcase.CreateProjectTest -->
