<?xml version="1.0" encoding="UTF-8"?>
<!-- Generated by org.testng.reporters.JUnitXMLReporter -->
<testsuite hostname="fourtek-desktop" ignored="1" name="Create Project Testcase" tests="8" failures="1" timestamp="02 May 2018 11:50:27 GMT" time="41.776" errors="0">
  <testcase name="startProject" time="1.475" classname="com.testcase.CreateProjectTest"/>
  <testcase name="withOutSelectAllOptions" time="2.131" classname="com.testcase.CreateProjectTest"/>
  <testcase name="onlyEnterProjectName" time="3.702" classname="com.testcase.CreateProjectTest"/>
  <testcase name="onlySelectTargetLanguage" time="9.5" classname="com.testcase.CreateProjectTest"/>
  <testcase name="typeProjectName" time="0.189" classname="com.testcase.CreateProjectTest"/>
  <testcase name="projectType" time="1.096" classname="com.testcase.CreateProjectTest"/>
  <testcase name="targetLanguage" time="7.258" classname="com.testcase.CreateProjectTest"/>
  <testcase name="doClickOnLetsStartButton" time="16.403" classname="com.testcase.CreateProjectTest">
    <failure type="java.lang.AssertionError" message="expected [http://staging.devnagri.com/projects] but found [http://staging.devnagri.co.in/projects]">
      <![CDATA[java.lang.AssertionError: expected [http://staging.devnagri.com/projects] but found [http://staging.devnagri.co.in/projects]at com.testcase.CreateProjectTest.doClickOnLetsStartButton(CreateProjectTest.java:115)... Removed 31 stack frames]]>
    </failure>
  </testcase> <!-- doClickOnLetsStartButton -->
  <testcase name="industryType" time="0.0" classname="com.testcase.CreateProjectTest">
    <ignored/>
  </testcase> <!-- industryType -->
</testsuite> <!-- Create Project Testcase -->
